50333 10:35:13.286870 --- Starting bitbake server pid 50333 at 2024-11-02 10:35:13.286853 ---
50333 10:35:13.287408 Started bitbake server pid 50333
50333 10:35:13.287523 Entering server connection loop
50333 10:35:13.287537 Lockfile is: /home/yoctouser/openbmc/bitbake.lock
Socket is /home/yoctouser/openbmc/bitbake.sock (True)
50333 10:35:13.287785 Accepting [<socket.socket fd=6, family=AddressFamily.AF_UNIX, type=SocketKind.SOCK_STREAM, proto=0, laddr=bitbake.sock>] ([])
50333 10:35:13.288237 Processing Client
50333 10:35:13.288260 Connecting Client
50333 10:35:13.288410 Running command ['setFeatures', [2, 1]]
50333 10:35:13.288428 Sending reply (None, None)
50333 10:35:13.288469 Command Completed (socket: True)
50333 10:35:13.288713 Running command ['updateConfig', {'halt': False, 'force': False, 'invalidate_stamp': None, 'dry_run': False, 'dump_signatures': [], 'extra_assume_provided': [], 'profile': False, 'prefile': [], 'postfile': [], 'server_timeout': None, 'nosetscene': False, 'setsceneonly': False, 'skipsetscene': False, 'runall': [], 'runonly': None, 'writeeventlog': None, 'build_verbose_shell': False, 'build_verbose_stdout': False, 'default_loglevel': 20, 'debug_domains': {}}, {'SHELL': '/bin/sh', 'BB_ENV_PASSTHROUGH_ADDITIONS': 'ALL_PROXY BBPATH_EXTRA BB_LOGCONFIG BB_NO_NETWORK BB_NUMBER_THREADS BB_SETSCENE_ENFORCE BB_SRCREV_POLICY DISTRO FTPS_PROXY FTP_PROXY GIT_PROXY_COMMAND HTTPS_PROXY HTTP_PROXY MACHINE NO_PROXY PARALLEL_MAKE SCREENDIR SDKMACHINE SOCKS5_PASSWD SOCKS5_USER SSH_AGENT_PID SSH_AUTH_SOCK STAMPS_DIR TCLIBC TCMODE all_proxy ftp_proxy ftps_proxy http_proxy https_proxy no_proxy ', 'PWD': '/home/yoctouser/openbmc', 'LOGNAME': 'yoctouser', 'HOME': '/home/yoctouser', 'BBPATH': '/home/yoctouser/openbmc/build/evb-ast2600', 'USER': 'yoctouser', 'PATH': '/home/yoctouser/openbmc/poky/scripts:/home/yoctouser/openbmc/poky/bitbake/bin:/usr/local/sbin:/usr/local/bin:/usr/sbin:/usr/bin:/sbin:/bin', 'LC_ALL': 'en_US.UTF-8', 'OE_ADDED_PATHS': '/home/yoctouser/openbmc/poky/scripts:/home/yoctouser/openbmc/poky/bitbake/bin:', 'LS_COLORS': 'rs=0:di=01;34:ln=01;36:mh=00:pi=40;33:so=01;35:do=01;35:bd=40;33;01:cd=40;33;01:or=40;31;01:mi=00:su=37;41:sg=30;43:ca=30;41:tw=30;42:ow=34;42:st=37;44:ex=01;32:*.tar=01;31:*.tgz=01;31:*.arc=01;31:*.arj=01;31:*.taz=01;31:*.lha=01;31:*.lz4=01;31:*.lzh=01;31:*.lzma=01;31:*.tlz=01;31:*.txz=01;31:*.tzo=01;31:*.t7z=01;31:*.zip=01;31:*.z=01;31:*.dz=01;31:*.gz=01;31:*.lrz=01;31:*.lz=01;31:*.lzo=01;31:*.xz=01;31:*.zst=01;31:*.tzst=01;31:*.bz2=01;31:*.bz=01;31:*.tbz=01;31:*.tbz2=01;31:*.tz=01;31:*.deb=01;31:*.rpm=01;31:*.jar=01;31:*.war=01;31:*.ear=01;31:*.sar=01;31:*.rar=01;31:*.alz=01;31:*.ace=01;31:*.zoo=01;31:*.cpio=01;31:*.7z=01;31:*.rz=01;31:*.cab=01;31:*.wim=01;31:*.swm=01;31:*.dwm=01;31:*.esd=01;31:*.jpg=01;35:*.jpeg=01;35:*.mjpg=01;35:*.mjpeg=01;35:*.gif=01;35:*.bmp=01;35:*.pbm=01;35:*.pgm=01;35:*.ppm=01;35:*.tga=01;35:*.xbm=01;35:*.xpm=01;35:*.tif=01;35:*.tiff=01;35:*.png=01;35:*.svg=01;35:*.svgz=01;35:*.mng=01;35:*.pcx=01;35:*.mov=01;35:*.mpg=01;35:*.mpeg=01;35:*.m2v=01;35:*.mkv=01;35:*.webm=01;35:*.ogm=01;35:*.mp4=01;35:*.m4v=01;35:*.mp4v=01;35:*.vob=01;35:*.qt=01;35:*.nuv=01;35:*.wmv=01;35:*.asf=01;35:*.rm=01;35:*.rmvb=01;35:*.flc=01;35:*.avi=01;35:*.fli=01;35:*.flv=01;35:*.gl=01;35:*.dl=01;35:*.xcf=01;35:*.xwd=01;35:*.yuv=01;35:*.cgm=01;35:*.emf=01;35:*.ogv=01;35:*.ogx=01;35:*.aac=00;36:*.au=00;36:*.flac=00;36:*.m4a=00;36:*.mid=00;36:*.midi=00;36:*.mka=00;36:*.mp3=00;36:*.mpc=00;36:*.ogg=00;36:*.ra=00;36:*.wav=00;36:*.oga=00;36:*.opus=00;36:*.spx=00;36:*.xspf=00;36:', 'LESSCLOSE': '/usr/bin/lesspipe %s %s', 'PYTHONPATH': '/home/yoctouser/openbmc/poky/bitbake/lib:/home/yoctouser/openbmc/poky/bitbake/lib:/home/yoctouser/openbmc/poky/bitbake/lib:/home/yoctouser/openbmc/poky/bitbake/lib:/home/yoctouser/openbmc/poky/bitbake/lib:/home/yoctouser/openbmc/poky/bitbake/lib:', 'TERM': 'xterm-256color', 'LESSOPEN': '| /usr/bin/lesspipe %s', 'TEMPLATECONF': 'meta-evb/meta-evb-aspeed/meta-evb-ast2600/conf/templates/default', 'SHLVL': '1', 'BUILDDIR': '/home/yoctouser/openbmc/build/evb-ast2600', 'MAIL': '/var/mail/yoctouser', 'OLDPWD': '/home/yoctouser', '_': '/home/yoctouser/openbmc/poky/bitbake/bin/bitbake', 'LC_CTYPE': 'C.UTF-8'}, ['/home/yoctouser/openbmc/poky/bitbake/bin/bitbake', '-k', 'core-image-minimal']]
50333 10:35:13.296230 Sending reply (None, 'bb.BBHandledException()\nTraceback (most recent call last):\n  File "/home/yoctouser/openbmc/poky/bitbake/lib/bb/cookerdata.py", line 162, in wrapped\n    return func(fn, *args)\n  File "/home/yoctouser/openbmc/poky/bitbake/lib/bb/cookerdata.py", line 179, in parse_config_file\n    return bb.parse.handle(fn, data, include, baseconfig=True)\n  File "/home/yoctouser/openbmc/poky/bitbake/lib/bb/parse/__init__.py", line 115, in handle\n    return h[\'handle\'](fn, data, include, baseconfig)\n  File "/home/yoctouser/openbmc/poky/bitbake/lib/bb/parse/parse_py/ConfHandler.py", line 119, in handle\n    abs_fn = resolve_file(fn, data)\n  File "/home/yoctouser/openbmc/poky/bitbake/lib/bb/parse/__init__.py", line 135, in resolve_file\n    raise IOError(errno.ENOENT, "file %s not found in %s" % (fn, bbpath))\nFileNotFoundError: [Errno 2] file conf/bitbake.conf not found in /home/yoctouser/openbmc/build/evb-ast2600\n\nDuring handling of the above exception, another exception occurred:\n\nTraceback (most recent call last):\n  File "/home/yoctouser/openbmc/poky/bitbake/lib/bb/command.py", line 90, in runCommand\n    result = command_method(self, commandline)\n  File "/home/yoctouser/openbmc/poky/bitbake/lib/bb/command.py", line 290, in updateConfig\n    command.cooker.updateConfigOpts(options, environment, cmdline)\n  File "/home/yoctouser/openbmc/poky/bitbake/lib/bb/cooker.py", line 462, in updateConfigOpts\n    self.reset()\n  File "/home/yoctouser/openbmc/poky/bitbake/lib/bb/cooker.py", line 1736, in reset\n    self.initConfigurationData()\n  File "/home/yoctouser/openbmc/poky/bitbake/lib/bb/cooker.py", line 282, in initConfigurationData\n    self.databuilder.parseBaseConfiguration()\n  File "/home/yoctouser/openbmc/poky/bitbake/lib/bb/cookerdata.py", line 261, in parseBaseConfiguration\n    self.data = self.parseConfigurationFiles(self.prefiles, self.postfiles)\n  File "/home/yoctouser/openbmc/poky/bitbake/lib/bb/cookerdata.py", line 471, in parseConfigurationFiles\n    data = parse_config_file(os.path.join("conf", "bitbake.conf"), data)\n  File "/home/yoctouser/openbmc/poky/bitbake/lib/bb/cookerdata.py", line 174, in wrapped\n    raise bb.BBHandledException()\nbb.BBHandledException\n')
50333 10:35:13.296279 Command Completed (socket: True)
50333 10:35:13.568236 Processing Client
50333 10:35:13.568305 Disconnecting Client (socket: True)
50333 10:35:13.568392 No timeout, exiting.
50333 10:35:13.668657 Exiting (socket: True)
50333 10:35:13.669259 Exiting as we could obtain the lock
sys:1: ResourceWarning: unclosed file <_io.TextIOWrapper name='/home/yoctouser/openbmc/bitbake-cookerdaemon.log' mode='a+' encoding='UTF-8'>
